f:\year 3\term 1\322com advanced graphics programming\ray tracing\ray tracing\debug\vc140.pdb
f:\year 3\term 1\322com advanced graphics programming\ray tracing\ray tracing\debug\vc140.idb
f:\year 3\term 1\322com advanced graphics programming\ray tracing\ray tracing\debug\main.obj
f:\year 3\term 1\322com advanced graphics programming\ray tracing\ray tracing\debug\ball.obj
e:\year 3\term 1\322com advanced graphics programming\ray tracing\ray tracing\debug\vc140.pdb
e:\year 3\term 1\322com advanced graphics programming\ray tracing\ray tracing\debug\vc140.idb
f:\year 3\term 1\322com advanced graphics programming\ray tracing\ray tracing\debug\plane.obj
f:\year 3\term 1\322com advanced graphics programming\ray tracing\debug\ray tracing.ilk
f:\year 3\term 1\322com advanced graphics programming\ray tracing\debug\ray tracing.exe
f:\year 3\term 1\322com advanced graphics programming\ray tracing\debug\ray tracing.pdb
f:\year 3\term 1\322com advanced graphics programming\ray tracing\ray tracing\debug\ray tracing.tlog\cl.read.1.tlog
f:\year 3\term 1\322com advanced graphics programming\ray tracing\ray tracing\debug\ray tracing.tlog\cl.command.1.tlog
f:\year 3\term 1\322com advanced graphics programming\ray tracing\ray tracing\debug\ray tracing.tlog\link.command.1.tlog
f:\year 3\term 1\322com advanced graphics programming\ray tracing\ray tracing\debug\ray tracing.tlog\link.read.1.tlog
f:\year 3\term 1\322com advanced graphics programming\ray tracing\ray tracing\debug\ray tracing.tlog\cl.write.1.tlog
f:\year 3\term 1\322com advanced graphics programming\ray tracing\ray tracing\debug\ray tracing.tlog\link.write.1.tlog
f:\year 3\term 1\322com advanced graphics programming\ray tracing\ray tracing\debug\ray tracing.tlog\link.6656-rc.read.1.tlog
f:\year 3\term 1\322com advanced graphics programming\ray tracing\ray tracing\debug\ray tracing.tlog\link.6656-rc.write.1.tlog
f:\year 3\term 1\322com advanced graphics programming\ray tracing\ray tracing\debug\ray tracing.tlog\link.6656-cvtres.read.1.tlog
f:\year 3\term 1\322com advanced graphics programming\ray tracing\ray tracing\debug\ray tracing.tlog\link.6656-cvtres.write.1.tlog
f:\year 3\term 1\322com advanced graphics programming\ray tracing\ray tracing\debug\ray tracing.tlog\link.6656.read.1.tlog
f:\year 3\term 1\322com advanced graphics programming\ray tracing\ray tracing\debug\ray tracing.tlog\link.6656.write.1.tlog
f:\year 3\term 1\322com advanced graphics programming\ray tracing\ray tracing\debug\ray tracing.tlog\link-rc.read.1.tlog
f:\year 3\term 1\322com advanced graphics programming\ray tracing\ray tracing\debug\ray tracing.tlog\link-rc.write.1.tlog
f:\year 3\term 1\322com advanced graphics programming\ray tracing\ray tracing\debug\ray tracing.tlog\link-cvtres.read.1.tlog
f:\year 3\term 1\322com advanced graphics programming\ray tracing\ray tracing\debug\ray tracing.tlog\link-cvtres.write.1.tlog
